0 info it worked if it ends with ok
1 verbose cli [ '/usr/bin/nodejs', '/usr/bin/npm', 'publish', 'hyper-colour' ]
2 info using npm@3.10.10
3 info using node@v6.11.2
4 verbose publish [ 'hyper-colour' ]
5 silly cache add args [ 'hyper-colour', null ]
6 verbose cache add spec hyper-colour
7 silly cache add parsed spec Result {
7 silly cache add   raw: 'hyper-colour',
7 silly cache add   scope: null,
7 silly cache add   escapedName: 'hyper-colour',
7 silly cache add   name: 'hyper-colour',
7 silly cache add   rawSpec: '',
7 silly cache add   spec: 'latest',
7 silly cache add   type: 'tag' }
8 silly addNamed hyper-colour@latest
9 verbose addNamed "latest" is being treated as a dist-tag for hyper-colour
10 info addNameTag [ 'hyper-colour', 'latest' ]
11 silly mapToRegistry name hyper-colour
12 silly mapToRegistry using default registry
13 silly mapToRegistry registry https://registry.npmjs.org/
14 silly mapToRegistry data Result {
14 silly mapToRegistry   raw: 'hyper-colour',
14 silly mapToRegistry   scope: null,
14 silly mapToRegistry   escapedName: 'hyper-colour',
14 silly mapToRegistry   name: 'hyper-colour',
14 silly mapToRegistry   rawSpec: '',
14 silly mapToRegistry   spec: 'latest',
14 silly mapToRegistry   type: 'tag' }
15 silly mapToRegistry uri https://registry.npmjs.org/hyper-colour
16 verbose addNameTag registry:https://registry.npmjs.org/hyper-colour not in flight; fetching
17 verbose request uri https://registry.npmjs.org/hyper-colour
18 verbose request no auth needed
19 info attempt registry request try #1 at 6:42:12 PM
20 verbose request using bearer token for auth
21 verbose request id 4ffa461006108701
22 http request GET https://registry.npmjs.org/hyper-colour
23 http 404 https://registry.npmjs.org/hyper-colour
24 verbose headers { 'content-type': 'application/json',
24 verbose headers   'cache-control': 'max-age=0',
24 verbose headers   'content-length': '2',
24 verbose headers   'accept-ranges': 'bytes',
24 verbose headers   date: 'Tue, 10 Oct 2017 16:42:13 GMT',
24 verbose headers   via: '1.1 varnish',
24 verbose headers   connection: 'keep-alive',
24 verbose headers   'x-served-by': 'cache-cdg8722-CDG',
24 verbose headers   'x-cache': 'MISS',
24 verbose headers   'x-cache-hits': '0',
24 verbose headers   'x-timer': 'S1507653733.375623,VS0,VE508',
24 verbose headers   vary: 'Accept-Encoding' }
25 silly get cb [ 404,
25 silly get   { 'content-type': 'application/json',
25 silly get     'cache-control': 'max-age=0',
25 silly get     'content-length': '2',
25 silly get     'accept-ranges': 'bytes',
25 silly get     date: 'Tue, 10 Oct 2017 16:42:13 GMT',
25 silly get     via: '1.1 varnish',
25 silly get     connection: 'keep-alive',
25 silly get     'x-served-by': 'cache-cdg8722-CDG',
25 silly get     'x-cache': 'MISS',
25 silly get     'x-cache-hits': '0',
25 silly get     'x-timer': 'S1507653733.375623,VS0,VE508',
25 silly get     vary: 'Accept-Encoding' } ]
26 verbose stack Error: Registry returned 404 for GET on https://registry.npmjs.org/hyper-colour
26 verbose stack     at makeError (/usr/lib/node_modules/npm/node_modules/npm-registry-client/lib/request.js:302:12)
26 verbose stack     at CachingRegistryClient.<anonymous> (/usr/lib/node_modules/npm/node_modules/npm-registry-client/lib/request.js:280:14)
26 verbose stack     at Request._callback (/usr/lib/node_modules/npm/node_modules/npm-registry-client/lib/request.js:210:14)
26 verbose stack     at Request.self.callback (/usr/lib/node_modules/npm/node_modules/request/request.js:187:22)
26 verbose stack     at emitTwo (events.js:106:13)
26 verbose stack     at Request.emit (events.js:191:7)
26 verbose stack     at Request.<anonymous> (/usr/lib/node_modules/npm/node_modules/request/request.js:1048:10)
26 verbose stack     at emitOne (events.js:96:13)
26 verbose stack     at Request.emit (events.js:188:7)
26 verbose stack     at IncomingMessage.<anonymous> (/usr/lib/node_modules/npm/node_modules/request/request.js:969:12)
27 verbose statusCode 404
28 verbose pkgid hyper-colour
29 verbose cwd /home/rana/picorana_dotfiles/hyper/.hyper_plugins
30 error Linux 4.4.0-53-generic
31 error argv "/usr/bin/nodejs" "/usr/bin/npm" "publish" "hyper-colour"
32 error node v6.11.2
33 error npm  v3.10.10
34 error code E404
35 error 404 Registry returned 404 for GET on https://registry.npmjs.org/hyper-colour
36 error 404
37 error 404 'hyper-colour' is not in the npm registry.
38 error 404 You should bug the author to publish it (or use the name yourself!)
39 error 404 Note that you can also install from a
40 error 404 tarball, folder, http url, or git url.
41 verbose exit [ 1, true ]
